<?xml version="1.0" encoding="UTF-8"?>
<testng-results skipped="0" failed="0" total="2" passed="2">
  <reporter-output>
  </reporter-output>
  <suite name="orangehrm" duration-ms="70333" started-at="2020-11-01T09:07:35Z" finished-at="2020-11-01T09:08:45Z">
    <groups>
    </groups>
    <test name="test01andtest02" duration-ms="70333" started-at="2020-11-01T09:07:35Z" finished-at="2020-11-01T09:08:45Z">
      <class name="orangehrm.tests.OrangeHrmTest">
        <test-method status="PASS" signature="LaunchBrowser()[pri:0, instance:orangehrm.tests.OrangeHrmTest@6b143ee9]" name="LaunchBrowser" is-config="true" duration-ms="52660" started-at="2020-11-01T14:37:35Z" finished-at="2020-11-01T14:38:28Z">
          <reporter-output>
          </reporter-output>
        </test-method> <!-- LaunchBrowser -->
        <test-method status="PASS" signature="test001()[pri:0, instance:orangehrm.tests.OrangeHrmTest@6b143ee9]" name="test001" duration-ms="10648" started-at="2020-11-01T14:38:28Z" finished-at="2020-11-01T14:38:39Z">
          <reporter-output>
          </reporter-output>
        </test-method> <!-- test001 -->
        <test-method status="PASS" signature="test002()[pri:0, instance:orangehrm.tests.OrangeHrmTest@6b143ee9]" name="test002" duration-ms="2943" started-at="2020-11-01T14:38:39Z" finished-at="2020-11-01T14:38:42Z">
          <reporter-output>
          </reporter-output>
        </test-method> <!-- test002 -->
        <test-method status="PASS" signature="quitBrowser()[pri:0, instance:orangehrm.tests.OrangeHrmTest@6b143ee9]" name="quitBrowser" is-config="true" duration-ms="3882" started-at="2020-11-01T14:38:42Z" finished-at="2020-11-01T14:38:45Z">
          <reporter-output>
          </reporter-output>
        </test-method> <!-- quitBrowser -->
      </class> <!-- orangehrm.tests.OrangeHrmTest -->
    </test> <!-- test01andtest02 -->
  </suite> <!-- orangehrm -->
</testng-results>
